<?xml version="1.0" encoding="UTF-8"?>
<testsuites name="TS_RegressionTest" time="9.172" tests="1" failures="0" errors="0">
   <testsuite name="TS_RegressionTest" tests="1" failures="0" errors="0" time="9.172" skipped="0" timestamp="22-05-2024T16:50:14" hostname="truyen.nguyen - localhost" id="Test Suites/TS_RegressionTest">
      <properties>
         <property name="deviceName" value=""/>
         <property name="devicePlatform" value=""/>
         <property name="logFolder" value="/Users/truyen.nguyen/git/ci-samples/Reports/20240522_165013/TS_RegressionTest/20240522_165013"/>
         <property name="logFiles" value="/Users/truyen.nguyen/git/ci-samples/Reports/20240522_165013/TS_RegressionTest/20240522_165013/execution0.log"/>
         <property name="attachments" value=""/>
         <property name="hostName" value="truyen.nguyen - localhost"/>
         <property name="os" value="Mac OS X 64bit"/>
         <property name="katalonVersion" value="9.4.0.212"/>
         <property name="browser" value="Chrome 124.0.0.0"/>
         <property name="hostAddress" value="127.0.0.1"/>
         <property name="sessionId" value="48bd8d639ba1c27c38d41647d954e648"/>
         <property name="seleniumVersion" value="3.141.59"/>
         <property name="proxyInformation" value="ProxyInformation { proxyOption=NO_PROXY, proxyServerType=HTTP, username=, password=********, proxyServerAddress=, proxyServerPort=0, executionList=&quot;&quot;, isApplyToDesiredCapabilities=true }"/>
         <property name="platform" value="Mac OS X"/>
      </properties>
      <testcase name="Test Cases/Main Test Cases/TC1_Verify Successful Login" time="8.997" classname="Test Cases/Main Test Cases/TC1_Verify Successful Login" status="PASSED">
         <system-out><![CDATA[22-05-2024T16:50:14 - [TEST_CASE][PASSED] - Test Cases/Main Test Cases/TC1_Verify Successful Login: Test Cases/Main Test Cases/TC1_Verify Successful Login

22-05-2024T16:50:14 - [TEST_STEP][PASSED] - openBrowser(""): Browser is opened with url: ''

22-05-2024T16:50:15 - [MESSAGE][INFO] - Starting 'Chrome' driver

22-05-2024T16:50:15 - [MESSAGE][INFO] - Action delay is set to 0 milliseconds

22-05-2024T16:50:16 - [MESSAGE][PASSED] - Browser is opened with url: ''

22-05-2024T16:50:16 - [TEST_STEP][PASSED] - navigateToUrl("https://katalon-demo-cura.herokuapp.com/"): Navigate to 'https://katalon-demo-cura.herokuapp.com/' successfully

22-05-2024T16:50:18 - [MESSAGE][PASSED] - Navigate to 'https://katalon-demo-cura.herokuapp.com/' successfully

22-05-2024T16:50:18 - [TEST_STEP][PASSED] - click(findTestObject("Object Repository/Page_CURA Healthcare Service/a_Make Appointment")): Object: 'Object Repository/Page_CURA Healthcare Service/a_Make Appointment' is clicked on

22-05-2024T16:50:19 - [MESSAGE][PASSED] - Object: 'Object Repository/Page_CURA Healthcare Service/a_Make Appointment' is clicked on

22-05-2024T16:50:19 - [TEST_STEP][PASSED] - setText(findTestObject("Object Repository/Page_CURA Healthcare Service/input_Username_username"), "John Doe"): Text 'John Doe' is set on object 'Object Repository/Page_CURA Healthcare Service/input_Username_username'

22-05-2024T16:50:20 - [MESSAGE][PASSED] - Text 'John Doe' is set on object 'Object Repository/Page_CURA Healthcare Service/input_Username_username'

22-05-2024T16:50:20 - [TEST_STEP][PASSED] - setEncryptedText(findTestObject("Object Repository/Page_CURA Healthcare Service/input_Password_password"), "g3/DOGG74jC3Flrr3yH+3D/yKbOqqUNM"): Text ****** has been set on object 'Object Repository/Page_CURA Healthcare Service/input_Password_password'

22-05-2024T16:50:20 - [MESSAGE][PASSED] - Text ****** has been set on object 'Object Repository/Page_CURA Healthcare Service/input_Password_password'

22-05-2024T16:50:20 - [TEST_STEP][PASSED] - click(findTestObject("Object Repository/Page_CURA Healthcare Service/button_Login")): Object: 'Object Repository/Page_CURA Healthcare Service/button_Login' is clicked on

22-05-2024T16:50:21 - [MESSAGE][PASSED] - Object: 'Object Repository/Page_CURA Healthcare Service/button_Login' is clicked on

22-05-2024T16:50:21 - [TEST_STEP][PASSED] - closeBrowser(): Browser is closed

22-05-2024T16:50:21 - [MESSAGE][PASSED] - Browser is closed

22-05-2024T16:50:23 - [TEST_STEP][PASSED] - Video: Video recording for test case 'Test Cases/Main Test Cases/TC1_Verify Successful Login' .

22-05-2024T16:50:23 - [MESSAGE][INFO] - Video recording for test case 'Test Cases/Main Test Cases/TC1_Verify Successful Login' .]]></system-out>
         <system-err><![CDATA[]]></system-err>
      </testcase>
      <system-out><![CDATA[22-05-2024T16:50:14 - [TEST_SUITE][PASSED] - TS_RegressionTest: Test Cases/Main Test Cases/TC1_Verify Successful Login]]></system-out>
      <system-err><![CDATA[]]></system-err>
   </testsuite>
</testsuites>
