<?xml version="1.0" encoding="UTF-8"?>
<testsuites name="TS_RegressionTest" time="31.301" tests="2" failures="0" errors="0">
   <testsuite name="TS_RegressionTest" tests="2" failures="0" errors="0" time="31.301" skipped="0" timestamp="22-05-2024T16:24:58" hostname="truyen.nguyen - localhost" id="Test Suites/TS_RegressionTest">
      <properties>
         <property name="deviceName" value=""/>
         <property name="devicePlatform" value=""/>
         <property name="logFolder" value="/Users/truyen.nguyen/git/ci-samples/Reports/20240522_162456/TS_RegressionTest/20240522_162457"/>
         <property name="logFiles" value="/Users/truyen.nguyen/git/ci-samples/Reports/20240522_162456/TS_RegressionTest/20240522_162457/execution0.log"/>
         <property name="attachments" value="/Users/truyen.nguyen/git/ci-samples/Reports/20240522_162456/TS_RegressionTest/20240522_162457/1716369927760.png"/>
         <property name="hostName" value="truyen.nguyen - localhost"/>
         <property name="os" value="Mac OS X 64bit"/>
         <property name="katalonVersion" value="9.4.0.212"/>
         <property name="browser" value="Chrome 124.0.0.0"/>
         <property name="hostAddress" value="127.0.0.1"/>
         <property name="sessionId" value="d1148f138df94c443eb082fa063a4a3f"/>
         <property name="seleniumVersion" value="3.141.59"/>
         <property name="proxyInformation" value="ProxyInformation { proxyOption=NO_PROXY, proxyServerType=HTTP, username=, password=********, proxyServerAddress=, proxyServerPort=0, executionList=&quot;&quot;, isApplyToDesiredCapabilities=true }"/>
         <property name="platform" value="Mac OS X"/>
      </properties>
      <testcase name="Test Cases/Main Test Cases/TC1_Verify Successful Login" time="13.223" classname="Test Cases/Main Test Cases/TC1_Verify Successful Login" status="PASSED">
         <system-out><![CDATA[22-05-2024T16:24:59 - [TEST_CASE][PASSED] - Test Cases/Main Test Cases/TC1_Verify Successful Login: Test Cases/Main Test Cases/TC1_Verify Successful Login

22-05-2024T16:24:59 - [TEST_STEP][PASSED] - comment("Story: Login to CURA system"): Story: Login to CURA system

22-05-2024T16:24:59 - [MESSAGE][INFO] - Story: Login to CURA system

22-05-2024T16:24:59 - [TEST_STEP][PASSED] - comment("Given that the user has the valid login information"): Given that the user has the valid login information

22-05-2024T16:24:59 - [MESSAGE][INFO] - Given that the user has the valid login information

22-05-2024T16:24:59 - [TEST_STEP][PASSED] - openBrowser(G_SiteURL): Browser is opened with url: 'http://demoaut.katalon.com'

22-05-2024T16:24:59 - [MESSAGE][INFO] - Starting 'Chrome' driver

22-05-2024T16:24:59 - [MESSAGE][INFO] - Action delay is set to 0 milliseconds

22-05-2024T16:25:06 - [MESSAGE][PASSED] - Browser is opened with url: 'http://demoaut.katalon.com'

22-05-2024T16:25:06 - [TEST_STEP][PASSED] - click(findTestObject("Page_CuraHomepage/btn_MakeAppointment")): Object: 'Object Repository/Page_CuraHomepage/btn_MakeAppointment' is clicked on

22-05-2024T16:25:07 - [MESSAGE][PASSED] - Object: 'Object Repository/Page_CuraHomepage/btn_MakeAppointment' is clicked on

22-05-2024T16:25:07 - [TEST_STEP][PASSED] - setText(findTestObject("Page_Login/txt_UserName"), Username): Text 'John Doe' is set on object 'Object Repository/Page_Login/txt_UserName'

22-05-2024T16:25:08 - [MESSAGE][PASSED] - Text 'John Doe' is set on object 'Object Repository/Page_Login/txt_UserName'

22-05-2024T16:25:08 - [TEST_STEP][PASSED] - setText(findTestObject("Page_Login/txt_Password"), Password): Text 'ThisIsNotAPassword' is set on object 'Object Repository/Page_Login/txt_Password'

22-05-2024T16:25:08 - [MESSAGE][PASSED] - Text 'ThisIsNotAPassword' is set on object 'Object Repository/Page_Login/txt_Password'

22-05-2024T16:25:08 - [TEST_STEP][PASSED] - comment("When he logins to CURA system"): When he logins to CURA system

22-05-2024T16:25:08 - [MESSAGE][INFO] - When he logins to CURA system

22-05-2024T16:25:08 - [TEST_STEP][PASSED] - click(findTestObject("Page_Login/btn_Login")): Object: 'Object Repository/Page_Login/btn_Login' is clicked on

22-05-2024T16:25:09 - [MESSAGE][PASSED] - Object: 'Object Repository/Page_Login/btn_Login' is clicked on

22-05-2024T16:25:09 - [TEST_STEP][PASSED] - comment("Then he should be able to login successfully"): Then he should be able to login successfully

22-05-2024T16:25:09 - [MESSAGE][INFO] - Then he should be able to login successfully

22-05-2024T16:25:09 - [TEST_STEP][PASSED] - landingPage = verifyElementPresent(findTestObject("Page_CuraAppointment/div_Appointment"), G_Timeout): Object 'Object Repository/Page_CuraAppointment/div_Appointment' is present

22-05-2024T16:25:10 - [MESSAGE][PASSED] - Object 'Object Repository/Page_CuraAppointment/div_Appointment' is present

22-05-2024T16:25:10 - [TEST_STEP][PASSED] - closeBrowser(): Browser is closed

22-05-2024T16:25:10 - [MESSAGE][PASSED] - Browser is closed

22-05-2024T16:25:12 - [TEST_STEP][PASSED] - Video: Video recording for test case 'Test Cases/Main Test Cases/TC1_Verify Successful Login' .

22-05-2024T16:25:12 - [MESSAGE][INFO] - Video recording for test case 'Test Cases/Main Test Cases/TC1_Verify Successful Login' .]]></system-out>
         <system-err><![CDATA[]]></system-err>
      </testcase>
      <testcase name="Test Cases/Main Test Cases/TC2_Verify Successful Appointment" time="17.912" classname="Test Cases/Main Test Cases/TC2_Verify Successful Appointment" status="PASSED">
         <system-out><![CDATA[22-05-2024T16:25:12 - [TEST_CASE][PASSED] - Test Cases/Main Test Cases/TC2_Verify Successful Appointment: Test Cases/Main Test Cases/TC2_Verify Successful Appointment

22-05-2024T16:25:12 - [TEST_STEP][PASSED] - comment("Story: Book an appointment"): Story: Book an appointment

22-05-2024T16:25:12 - [MESSAGE][INFO] - Story: Book an appointment

22-05-2024T16:25:12 - [TEST_STEP][PASSED] - comment("Given that the user has logged into their account"): Given that the user has logged into their account

22-05-2024T16:25:12 - [MESSAGE][INFO] - Given that the user has logged into their account

22-05-2024T16:25:12 - [TEST_STEP][PASSED] - openBrowser(G_SiteURL): Browser is opened with url: 'http://demoaut.katalon.com'

22-05-2024T16:25:12 - [MESSAGE][INFO] - Starting 'Chrome' driver

22-05-2024T16:25:12 - [MESSAGE][INFO] - Action delay is set to 0 milliseconds

22-05-2024T16:25:19 - [MESSAGE][PASSED] - Browser is opened with url: 'http://demoaut.katalon.com'

22-05-2024T16:25:19 - [TEST_STEP][PASSED] - callTestCase(findTestCase("Common Test Cases/Login"), ["Username":"John Doe", "Password":"ThisIsNotAPassword"], STOP_ON_FAILURE): Call Test Case 'Test Cases/Common Test Cases/Login' successfully

22-05-2024T16:25:19 - [TEST_CASE][PASSED] - Test Cases/Common Test Cases/Login: Test Cases/Common Test Cases/Login

22-05-2024T16:25:19 - [TEST_STEP][PASSED] - click(findTestObject("Page_CuraHomepage/btn_MakeAppointment")): Object: 'Object Repository/Page_CuraHomepage/btn_MakeAppointment' is clicked on

22-05-2024T16:25:20 - [MESSAGE][PASSED] - Object: 'Object Repository/Page_CuraHomepage/btn_MakeAppointment' is clicked on

22-05-2024T16:25:20 - [TEST_STEP][PASSED] - setText(findTestObject("Page_Login/txt_UserName"), Username): Text 'John Doe' is set on object 'Object Repository/Page_Login/txt_UserName'

22-05-2024T16:25:21 - [MESSAGE][PASSED] - Text 'John Doe' is set on object 'Object Repository/Page_Login/txt_UserName'

22-05-2024T16:25:21 - [TEST_STEP][PASSED] - setText(findTestObject("Page_Login/txt_Password"), Password): Text 'ThisIsNotAPassword' is set on object 'Object Repository/Page_Login/txt_Password'

22-05-2024T16:25:21 - [MESSAGE][PASSED] - Text 'ThisIsNotAPassword' is set on object 'Object Repository/Page_Login/txt_Password'

22-05-2024T16:25:21 - [TEST_STEP][PASSED] - click(findTestObject("Page_Login/btn_Login")): Object: 'Object Repository/Page_Login/btn_Login' is clicked on

22-05-2024T16:25:22 - [MESSAGE][PASSED] - Object: 'Object Repository/Page_Login/btn_Login' is clicked on

22-05-2024T16:25:22 - [TEST_STEP][PASSED] - landingPage = verifyElementPresent(findTestObject("Page_CuraAppointment/div_Appointment"), G_Timeout): Object 'Object Repository/Page_CuraAppointment/div_Appointment' is present

22-05-2024T16:25:22 - [MESSAGE][PASSED] - Object 'Object Repository/Page_CuraAppointment/div_Appointment' is present

22-05-2024T16:25:22 - [MESSAGE][PASSED] - Call Test Case 'Test Cases/Common Test Cases/Login' successfully

22-05-2024T16:25:22 - [TEST_STEP][PASSED] - comment("And Appointment page is displayed"): And Appointment page is displayed

22-05-2024T16:25:22 - [MESSAGE][INFO] - And Appointment page is displayed

22-05-2024T16:25:22 - [TEST_STEP][PASSED] - if (true): Text 'Please make appointment as soon as possible.' is set on object 'Object Repository/Page_CuraAppointment/txt_Comment'

22-05-2024T16:25:22 - [TEST_STEP][PASSED] - selectOptionByLabel(findTestObject("Page_CuraAppointment/lst_Facility"), "Hongkong CURA Healthcare Center", false): All options with label 'Hongkong CURA Healthcare Center' are selected in object 'Object Repository/Page_CuraAppointment/lst_Facility' 

22-05-2024T16:25:23 - [MESSAGE][PASSED] - All options with label 'Hongkong CURA Healthcare Center' are selected in object 'Object Repository/Page_CuraAppointment/lst_Facility' 

22-05-2024T16:25:23 - [TEST_STEP][PASSED] - check(findTestObject("Page_CuraAppointment/chk_Medicaid")): Object 'Object Repository/Page_CuraAppointment/chk_Medicaid' is checked

22-05-2024T16:25:23 - [MESSAGE][PASSED] - Object 'Object Repository/Page_CuraAppointment/chk_Medicaid' is checked

22-05-2024T16:25:23 - [TEST_STEP][PASSED] - check(findTestObject("Page_CuraAppointment/chk_Readmission")): Object 'Object Repository/Page_CuraAppointment/chk_Readmission' is checked

22-05-2024T16:25:23 - [MESSAGE][PASSED] - Object 'Object Repository/Page_CuraAppointment/chk_Readmission' is checked

22-05-2024T16:25:23 - [TEST_STEP][PASSED] - setText(findTestObject("Page_CuraAppointment/txt_VisitDate"), "27/12/2016"): Text '27/12/2016' is set on object 'Object Repository/Page_CuraAppointment/txt_VisitDate'

22-05-2024T16:25:24 - [MESSAGE][PASSED] - Text '27/12/2016' is set on object 'Object Repository/Page_CuraAppointment/txt_VisitDate'

22-05-2024T16:25:24 - [TEST_STEP][PASSED] - setText(findTestObject("Page_CuraAppointment/txt_Comment"), "Please make appointment as soon as possible."): Text 'Please make appointment as soon as possible.' is set on object 'Object Repository/Page_CuraAppointment/txt_Comment'

22-05-2024T16:25:25 - [MESSAGE][PASSED] - Text 'Please make appointment as soon as possible.' is set on object 'Object Repository/Page_CuraAppointment/txt_Comment'

22-05-2024T16:25:25 - [TEST_STEP][PASSED] - comment("When he fills in valid information in Appointment page"): When he fills in valid information in Appointment page

22-05-2024T16:25:25 - [MESSAGE][INFO] - When he fills in valid information in Appointment page

22-05-2024T16:25:25 - [TEST_STEP][PASSED] - click(findTestObject("Page_CuraAppointment/btn_BookAppointment")): Object: 'Object Repository/Page_CuraAppointment/btn_BookAppointment' is clicked on

22-05-2024T16:25:25 - [MESSAGE][PASSED] - Object: 'Object Repository/Page_CuraAppointment/btn_BookAppointment' is clicked on

22-05-2024T16:25:25 - [TEST_STEP][PASSED] - verifyTextPresent("Appointment Confirmation", false): Text 'Appointment Confirmation' is present on page 

22-05-2024T16:25:26 - [MESSAGE][PASSED] - Text 'Appointment Confirmation' is present on page 

22-05-2024T16:25:26 - [TEST_STEP][PASSED] - comment("Then he should be able to book a new appointment"): Then he should be able to book a new appointment

22-05-2024T16:25:26 - [MESSAGE][INFO] - Then he should be able to book a new appointment

22-05-2024T16:25:26 - [TEST_STEP][PASSED] - if (true): Actual text 'Please make appointment as soon as possible.' and expected text 'Please make appointment as soon as possible.' are matched 

22-05-2024T16:25:26 - [TEST_STEP][PASSED] - verifyMatch("Hongkong CURA Healthcare Center", getText(findTestObject("Page_AppointmentConfirmation/lbl_Facility")), false): Actual text 'Hongkong CURA Healthcare Center' and expected text 'Hongkong CURA Healthcare Center' are matched 

22-05-2024T16:25:26 - [MESSAGE][PASSED] - Text of object 'Object Repository/Page_AppointmentConfirmation/lbl_Facility' is: 'Hongkong CURA Healthcare Center'

22-05-2024T16:25:26 - [MESSAGE][PASSED] - Actual text 'Hongkong CURA Healthcare Center' and expected text 'Hongkong CURA Healthcare Center' are matched 

22-05-2024T16:25:26 - [TEST_STEP][PASSED] - verifyMatch("Yes", getText(findTestObject("Page_AppointmentConfirmation/lbl_HospitalReadmission")), false): Actual text 'Yes' and expected text 'Yes' are matched 

22-05-2024T16:25:26 - [MESSAGE][PASSED] - Text of object 'Object Repository/Page_AppointmentConfirmation/lbl_HospitalReadmission' is: 'Yes'

22-05-2024T16:25:26 - [MESSAGE][PASSED] - Actual text 'Yes' and expected text 'Yes' are matched 

22-05-2024T16:25:26 - [TEST_STEP][PASSED] - verifyMatch("Medicaid", getText(findTestObject("Page_AppointmentConfirmation/lbl_Program")), false): Actual text 'Medicaid' and expected text 'Medicaid' are matched 

22-05-2024T16:25:27 - [MESSAGE][PASSED] - Text of object 'Object Repository/Page_AppointmentConfirmation/lbl_Program' is: 'Medicaid'

22-05-2024T16:25:27 - [MESSAGE][PASSED] - Actual text 'Medicaid' and expected text 'Medicaid' are matched 

22-05-2024T16:25:27 - [TEST_STEP][PASSED] - verifyMatch("27/12/2016", getText(findTestObject("Page_AppointmentConfirmation/lbl_VisitDate")), false): Actual text '27/12/2016' and expected text '27/12/2016' are matched 

22-05-2024T16:25:27 - [MESSAGE][PASSED] - Text of object 'Object Repository/Page_AppointmentConfirmation/lbl_VisitDate' is: '27/12/2016'

22-05-2024T16:25:27 - [MESSAGE][PASSED] - Actual text '27/12/2016' and expected text '27/12/2016' are matched 

22-05-2024T16:25:27 - [TEST_STEP][PASSED] - verifyMatch("Please make appointment as soon as possible.", getText(findTestObject("Page_AppointmentConfirmation/lbl_Comment")), false): Actual text 'Please make appointment as soon as possible.' and expected text 'Please make appointment as soon as possible.' are matched 

22-05-2024T16:25:27 - [MESSAGE][PASSED] - Text of object 'Object Repository/Page_AppointmentConfirmation/lbl_Comment' is: 'Please make appointment as soon as possible.'

22-05-2024T16:25:27 - [MESSAGE][PASSED] - Actual text 'Please make appointment as soon as possible.' and expected text 'Please make appointment as soon as possible.' are matched 

22-05-2024T16:25:27 - [TEST_STEP][PASSED] - takeScreenshot(): Taking screenshot successfully

22-05-2024T16:25:28 - [MESSAGE][PASSED] - Taking screenshot successfully
[[ATTACHMENT|/Users/truyen.nguyen/git/ci-samples/Reports/20240522_162456/TS_RegressionTest/20240522_162457/1716369927760.png]]

22-05-2024T16:25:28 - [TEST_STEP][PASSED] - closeBrowser(): Browser is closed

22-05-2024T16:25:28 - [MESSAGE][PASSED] - Browser is closed

22-05-2024T16:25:30 - [TEST_STEP][PASSED] - Video: Video recording for test case 'Test Cases/Main Test Cases/TC2_Verify Successful Appointment' .

22-05-2024T16:25:30 - [MESSAGE][INFO] - Video recording for test case 'Test Cases/Main Test Cases/TC2_Verify Successful Appointment' .]]></system-out>
         <system-err><![CDATA[]]></system-err>
      </testcase>
      <system-out><![CDATA[22-05-2024T16:24:58 - [TEST_SUITE][PASSED] - TS_RegressionTest: Test Cases/Main Test Cases/TC2_Verify Successful Appointment]]></system-out>
      <system-err><![CDATA[]]></system-err>
   </testsuite>
</testsuites>
